--------------------------------------------------------------------------------
Release 14.7 Trace  (nt64)
Copyright (c) 1995-2013 Xilinx, Inc.  All rights reserved.

C:\Xilinx\14.7\ISE_DS\ISE\bin\nt64\unwrapped\trce.exe -intstyle ise -v 3 -s 5
-n 3 -fastpaths -xml Decodificador.twx Decodificador.ncd -o Decodificador.twr
Decodificador.pcf -ucf decodificador_patillaje.ucf

Design file:              Decodificador.ncd
Physical constraint file: Decodificador.pcf
Device,package,speed:     xc3s100e,cp132,-5 (PRODUCTION 1.27 2013-10-13)
Report level:             verbose report

Environment Variable      Effect 
--------------------      ------ 
NONE                      No environment variables were set
--------------------------------------------------------------------------------

INFO:Timing:2698 - No timing constraints found, doing default enumeration.
INFO:Timing:3412 - To improve timing, see the Timing Closure User Guide (UG612).
INFO:Timing:2752 - To get complete path coverage, use the unconstrained paths 
   option. All paths that are not constrained will be reported in the 
   unconstrained paths section(s) of the report.
INFO:Timing:3339 - The clock-to-out numbers in this timing report are based on 
   a 50 Ohm transmission line loading model.  For the details of this model, 
   and for more information on accounting for different loading conditions, 
   please see the device datasheet.
INFO:Timing:3390 - This architecture does not support a default System Jitter 
   value, please add SYSTEM_JITTER constraint to the UCF to modify the Clock 
   Uncertainty calculation.
INFO:Timing:3389 - This architecture does not support 'Discrete Jitter' and 
   'Phase Error' calculations, these terms will be zero in the Clock 
   Uncertainty calculation.  Please make appropriate modification to 
   SYSTEM_JITTER to account for the unsupported Discrete Jitter and Phase 
   Error.



Data Sheet report:
-----------------
All values displayed in nanoseconds (ns)

Pad to Pad
---------------+---------------+---------+
Source Pad     |Destination Pad|  Delay  |
---------------+---------------+---------+
Entrada<0>     |Salida<0>      |    6.201|
Entrada<0>     |Salida<1>      |    6.517|
Entrada<0>     |Salida<2>      |    6.534|
Entrada<0>     |Salida<3>      |    6.498|
Entrada<0>     |Salida<4>      |    6.326|
Entrada<0>     |Salida<5>      |    6.526|
Entrada<0>     |Salida<6>      |    6.325|
Entrada<1>     |Salida<0>      |    7.618|
Entrada<1>     |Salida<1>      |    7.963|
Entrada<1>     |Salida<2>      |    7.448|
Entrada<1>     |Salida<3>      |    7.446|
Entrada<1>     |Salida<4>      |    7.850|
Entrada<1>     |Salida<5>      |    7.179|
Entrada<1>     |Salida<6>      |    7.834|
Entrada<1>     |Salida<7>      |    7.469|
Entrada<2>     |Salida<0>      |    6.706|
Entrada<2>     |Salida<1>      |    7.056|
Entrada<2>     |Salida<2>      |    6.942|
Entrada<2>     |Salida<3>      |    6.935|
Entrada<2>     |Salida<4>      |    7.426|
Entrada<2>     |Salida<5>      |    6.709|
Entrada<2>     |Salida<6>      |    7.374|
Entrada<2>     |Salida<7>      |    7.033|
Entrada<3>     |Salida<0>      |    7.627|
Entrada<3>     |Salida<1>      |    7.921|
Entrada<3>     |Salida<2>      |    7.960|
Entrada<3>     |Salida<3>      |    7.902|
Entrada<3>     |Salida<4>      |    8.216|
Entrada<3>     |Salida<5>      |    7.609|
Entrada<3>     |Salida<6>      |    8.220|
Entrada<3>     |Salida<7>      |    7.877|
---------------+---------------+---------+


Analysis completed Wed Nov 17 11:40:36 2021 
--------------------------------------------------------------------------------

Trace Settings:
-------------------------
Trace Settings 

Peak Memory Usage: 4486 MB



