Message[301] C:\PROGRAM FILES (X86)\MICROCHIP\MPASM SUITE\P16F84.INC 33 : MESSAGE: (Processor-header file mismatch.  Verify selected processor.)
Warning[203] C:\USERS\EDGAR ALAN\DOCUMENTS\CIRCUITOS LOGICOS II\PARCIAL 3\CLASE 46\1KH.ASM 3 : Found opcode in column 1. (BSF)
Warning[203] C:\USERS\EDGAR ALAN\DOCUMENTS\CIRCUITOS LOGICOS II\PARCIAL 3\CLASE 46\1KH.ASM 4 : Found opcode in column 1. (CLRF)
Message[302] C:\USERS\EDGAR ALAN\DOCUMENTS\CIRCUITOS LOGICOS II\PARCIAL 3\CLASE 46\1KH.ASM 4 : Register in operand not in bank 0.  Ensure that bank bits are correct.
Warning[203] C:\USERS\EDGAR ALAN\DOCUMENTS\CIRCUITOS LOGICOS II\PARCIAL 3\CLASE 46\1KH.ASM 5 : Found opcode in column 1. (BSF)
Message[302] C:\USERS\EDGAR ALAN\DOCUMENTS\CIRCUITOS LOGICOS II\PARCIAL 3\CLASE 46\1KH.ASM 5 : Register in operand not in bank 0.  Ensure that bank bits are correct.
Warning[203] C:\USERS\EDGAR ALAN\DOCUMENTS\CIRCUITOS LOGICOS II\PARCIAL 3\CLASE 46\1KH.ASM 6 : Found opcode in column 1. (CLRF)
Message[302] C:\USERS\EDGAR ALAN\DOCUMENTS\CIRCUITOS LOGICOS II\PARCIAL 3\CLASE 46\1KH.ASM 6 : Register in operand not in bank 0.  Ensure that bank bits are correct.
Warning[203] C:\USERS\EDGAR ALAN\DOCUMENTS\CIRCUITOS LOGICOS II\PARCIAL 3\CLASE 46\1KH.ASM 7 : Found opcode in column 1. (BCF)
Warning[203] C:\USERS\EDGAR ALAN\DOCUMENTS\CIRCUITOS LOGICOS II\PARCIAL 3\CLASE 46\1KH.ASM 8 : Found opcode in column 1. (CLRF)
Warning[203] C:\USERS\EDGAR ALAN\DOCUMENTS\CIRCUITOS LOGICOS II\PARCIAL 3\CLASE 46\1KH.ASM 9 : Found opcode in column 1. (MOVLW)
Warning[203] C:\USERS\EDGAR ALAN\DOCUMENTS\CIRCUITOS LOGICOS II\PARCIAL 3\CLASE 46\1KH.ASM 10 : Found opcode in column 1. (MOVWF)
Warning[203] C:\USERS\EDGAR ALAN\DOCUMENTS\CIRCUITOS LOGICOS II\PARCIAL 3\CLASE 46\1KH.ASM 11 : Found opcode in column 1. (INCF)
Warning[203] C:\USERS\EDGAR ALAN\DOCUMENTS\CIRCUITOS LOGICOS II\PARCIAL 3\CLASE 46\1KH.ASM 12 : Found opcode in column 1. (CALL)
Warning[203] C:\USERS\EDGAR ALAN\DOCUMENTS\CIRCUITOS LOGICOS II\PARCIAL 3\CLASE 46\1KH.ASM 14 : Found opcode in column 1. (INCF)
Warning[203] C:\USERS\EDGAR ALAN\DOCUMENTS\CIRCUITOS LOGICOS II\PARCIAL 3\CLASE 46\1KH.ASM 15 : Found opcode in column 1. (CALL)
Warning[203] C:\USERS\EDGAR ALAN\DOCUMENTS\CIRCUITOS LOGICOS II\PARCIAL 3\CLASE 46\1KH.ASM 16 : Found opcode in column 1. (GOTO)
Warning[203] C:\USERS\EDGAR ALAN\DOCUMENTS\CIRCUITOS LOGICOS II\PARCIAL 3\CLASE 46\1KH.ASM 18 : Found opcode in column 1. (MOVLW)
Warning[203] C:\USERS\EDGAR ALAN\DOCUMENTS\CIRCUITOS LOGICOS II\PARCIAL 3\CLASE 46\1KH.ASM 19 : Found opcode in column 1. (MOVWF)
Warning[203] C:\USERS\EDGAR ALAN\DOCUMENTS\CIRCUITOS LOGICOS II\PARCIAL 3\CLASE 46\1KH.ASM 21 : Found opcode in column 1. (DECFSZ)
Warning[203] C:\USERS\EDGAR ALAN\DOCUMENTS\CIRCUITOS LOGICOS II\PARCIAL 3\CLASE 46\1KH.ASM 22 : Found opcode in column 1. (GOTO)
Warning[203] C:\USERS\EDGAR ALAN\DOCUMENTS\CIRCUITOS LOGICOS II\PARCIAL 3\CLASE 46\1KH.ASM 23 : Found opcode in column 1. (RETURN)
Warning[205] C:\USERS\EDGAR ALAN\DOCUMENTS\CIRCUITOS LOGICOS II\PARCIAL 3\CLASE 46\1KH.ASM 25 : Found directive in column 1. (END)
