MPASM  5.50                      BANDERAS.ASM   11-30-2021  10:56:05         PAGE  1


LOC  OBJECT CODE     LINE SOURCE TEXT
  VALUE

                      00001 #INCLUDE "P16F84A.INC";
                      00001         LIST
                      00002 
                      00003 ;==========================================================================
                      00004 ;  MPASM PIC16F84A processor include
                      00005 ; 
                      00006 ;  (c) Copyright 1999-2013 Microchip Technology, All rights reserved
                      00007 ;==========================================================================
                      00008 
                      00208         LIST
  0000000C            00002 TEM EQU 0XC;
Warning[203]: Found opcode in column 1. (MOVLW)
0000   30FF           00003 MOVLW                   D'255'; mover valor literal a W(LW), W=255
Warning[203]: Found opcode in column 1. (ADDLW)
0001   3E01           00004 ADDLW                   D'1' ; sumar 1 el valor literal 1 a W 
Warning[203]: Found opcode in column 1. (CLRW)
0002   0103           00005 CLRW ;                  limpiar el registro w , W = 0
Warning[203]: Found opcode in column 1. (BCF)
0003   1003           00006 BCF STATUS,C ;  bit clear File(nombre), numero de bit o nombre, este caso acarreo
Warning[203]: Found opcode in column 1. (MOVLW)
0004   3001           00007 MOVLW D'1';     w = 1
Warning[203]: Found opcode in column 1. (SUBLW)
0005   3C01           00008 SUBLW D'1';             W = 1 - W  el valor literal es el minuendo, w es sustraendo
Warning[203]: Found opcode in column 1. (BCF)
0006   1003           00009 BCF STATUS,C;   Limpiar acarreo, resta dara 1 en el acarreo
Warning[203]: Found opcode in column 1. (MOVLW)
0007   3002           00010 MOVLW D'2';     D = 2
Warning[203]: Found opcode in column 1. (SUBLW)
0008   3C03           00011 SUBLW D'3';             W = 3 - W , C=1 , xk resta positiva
Warning[203]: Found opcode in column 1. (BCF)
0009   1003           00012 BCF STATUS,C;   limpiamos acarreo
Warning[203]: Found opcode in column 1. (MOVLW)
000A   3002           00013 MOVLW D'2';             W = 2
Warning[203]: Found opcode in column 1. (SUBLW)
000B   3C01           00014 SUBLW D'1';             W = 1 - W , C=0 , resta negativa
000C                  00015 FIN;                    Etiqueta que define la posicion de llegada de un salto
Warning[203]: Found opcode in column 1. (GOTO)
000C   280C           00016 GOTO FIN;               va la etiqueta fin
                      00017 
Warning[205]: Found directive in column 1. (END)
                      00018 END
MPASM  5.50                      BANDERAS.ASM   11-30-2021  10:56:05         PAGE  2


SYMBOL TABLE
  LABEL                             VALUE 

C                                 00000000
DC                                00000001
EEADR                             00000009
EECON1                            00000088
EECON2                            00000089
EEDATA                            00000008
EEIE                              00000006
EEIF                              00000004
F                                 00000001
FIN                               0000000C
FSR                               00000004
GIE                               00000007
INDF                              00000000
INTCON                            0000000B
INTE                              00000004
INTEDG                            00000006
INTF                              00000001
IRP                               00000007
NOT_PD                            00000003
NOT_RBPU                          00000007
NOT_TO                            00000004
OPTION_REG                        00000081
PCL                               00000002
PCLATH                            0000000A
PORTA                             00000005
PORTB                             00000006
PS0                               00000000
PS1                               00000001
PS2                               00000002
PSA                               00000003
RA0                               00000000
RA1                               00000001
RA2                               00000002
RA3                               00000003
RA4                               00000004
RB0                               00000000
RB1                               00000001
RB2                               00000002
RB3                               00000003
RB4                               00000004
RB5                               00000005
RB6                               00000006
RB7                               00000007
RBIE                              00000003
RBIF                              00000000
RD                                00000000
RP0                               00000005
RP1                               00000006
STATUS                            00000003
T0CS                              00000005
T0IE                              00000005
T0IF                              00000002
T0SE                              00000004
MPASM  5.50                      BANDERAS.ASM   11-30-2021  10:56:05         PAGE  3


SYMBOL TABLE
  LABEL                             VALUE 

TEM                               0000000C
TMR0                              00000001
TMR0IE                            00000005
TMR0IF                            00000002
TRISA                             00000085
TRISA0                            00000000
TRISA1                            00000001
TRISA2                            00000002
TRISA3                            00000003
TRISA4                            00000004
TRISB                             00000086
TRISB0                            00000000
TRISB1                            00000001
TRISB2                            00000002
TRISB3                            00000003
TRISB4                            00000004
TRISB5                            00000005
TRISB6                            00000006
TRISB7                            00000007
W                                 00000000
WR                                00000001
WREN                              00000002
WRERR                             00000003
Z                                 00000002
_CONFIG                           00002007
_CP_OFF                           00003FFF
_CP_ON                            0000000F
_DEVID1                           00002006
_FOSC_EXTRC                       00003FFF
_FOSC_HS                          00003FFE
_FOSC_LP                          00003FFC
_FOSC_XT                          00003FFD
_HS_OSC                           00003FFE
_IDLOC0                           00002000
_IDLOC1                           00002001
_IDLOC2                           00002002
_IDLOC3                           00002003
_LP_OSC                           00003FFC
_PWRTE_OFF                        00003FFF
_PWRTE_ON                         00003FF7
_RC_OSC                           00003FFF
_WDTE_OFF                         00003FFB
_WDTE_ON                          00003FFF
_WDT_OFF                          00003FFB
_WDT_ON                           00003FFF
_XT_OSC                           00003FFD
__16F84A                          00000001
MPASM  5.50                      BANDERAS.ASM   11-30-2021  10:56:05         PAGE  4


MEMORY USAGE MAP ('X' = Used,  '-' = Unused)


0000 : XXXXXXXXXXXXX--- ---------------- ---------------- ----------------

All other memory blocks unused.

Program Memory Words Used:    13
Program Memory Words Free:  1011


Errors   :     0
Warnings :    14 reported,     0 suppressed
Messages :     0 reported,     0 suppressed

