Command line:
   Decodificador_isim_beh.exe
     -simmode  gui
     -simrunnum  1
     -socket  55361

Wed Nov 17 11:38:11 2021


 Elaboration Time: 0.03125 sec

 Current Memory Usage: 5149.61 Meg

 Total Signals          : 6
 Total Nets             : 16
 Total Signal Drivers   : 5
 Total Blocks           : 2
 Total Primitive Blocks : 2
 Total Processes        : 5
 Total Traceable Variables  : 8
 Total Scalar Nets and Variables : 376
Total Line Count : 5

 Total Simulation Time: 0.09375 sec

 Current Memory Usage: 4677.75 Meg

Wed Nov 17 11:39:31 2021

