MPASM  5.50                   OPERACIONES.ASM   12-1-2021  11:18:58         PAGE  1


LOC  OBJECT CODE     LINE SOURCE TEXT
  VALUE

                      00001 ;Desarrollar el calculo siguiente:;
                      00002 ;VAR_A=15
                      00003 ;VAR_B=7
                      00004 ;VAR_R1= VAR_A+VAR_B
                      00005 ;VAR_R2= VAR_A-VAR_B
                      00006 #INCLUDE "P16F84A.INC";LIBRERIA DEL MICROCONTROLADOR
                      00001         LIST
                      00002 
                      00003 ;==========================================================================
                      00004 ;  MPASM PIC16F84A processor include
                      00005 ; 
                      00006 ;  (c) Copyright 1999-2013 Microchip Technology, All rights reserved
                      00007 ;==========================================================================
                      00008 
                      00208         LIST
  0000000C            00007 VAR_A EQU 0XC   ;SE ESTABLECE QUE EL REGFISTRO 0XC ES VAR_A
  0000000D            00008 VAR_B EQU 0XD   ;SE ESTABLECE QUE EL REGFISTRO 0XD ES VAR_B
  0000000E            00009 VAR_R1 EQU 0XE  ;SE ESTABLECE QUE EL REGFISTRO 0XE ES VAR_R1
  0000000F            00010 VAR_R2 EQU 0XF  ;SE ESTABLECE QUE EL REGFISTRO 0XF ES VAR_R2
Warning[203]: Found opcode in column 1. (MOVLW)
0000   300F           00011 MOVLW D'15'             ;W=15
Warning[203]: Found opcode in column 1. (MOVWF)
0001   008C           00012 MOVWF VAR_A     ;VAR_A=W=15
Warning[203]: Found opcode in column 1. (MOVLW)
0002   3007           00013 MOVLW D'7'      ;W=7
Warning[203]: Found opcode in column 1. (MOVWF)
0003   008D           00014 MOVWF VAR_B             ;VAR_B=W Y W=7
                      00015 ;---------OPERACIONES------------
Warning[203]: Found opcode in column 1. (CLRW)
0004   0103           00016 CLRW                    ;LIMPIAR W,W=0
Warning[203]: Found opcode in column 1. (MOVF)
0005   080C           00017 MOVF VAR_A,W    ;W=VAR-A=15
Warning[203]: Found opcode in column 1. (ADDWF)
0006   070D           00018 ADDWF VAR_B,W   ;W=W(VAR_A)+VAR_B
Warning[203]: Found opcode in column 1. (MOVWF)
0007   008E           00019 MOVWF VAR_R1    ;VAR_R1=W(VAR_A)+VAR_B
                      00020 
Warning[203]: Found opcode in column 1. (MOVF)
0008   080D           00021 MOVF VAR_B,W    ;EL MINUENDO ES VAR_B ENTONCES W=7
Warning[203]: Found opcode in column 1. (SUBWF)
0009   020C           00022 SUBWF VAR_A,W   ;W=W(VAR_A)-VAR_B
Warning[203]: Found opcode in column 1. (MOVWF)
000A   008F           00023 MOVWF VAR_R2    ;VAR_R2=W(VAR_A)-VAR_B
                      00024 
000B                  00025 FIN
Warning[203]: Found opcode in column 1. (GOTO)
000B   280B           00026 GOTO FIN
Warning[205]: Found directive in column 1. (END)
                      00027 END
MPASM  5.50                   OPERACIONES.ASM   12-1-2021  11:18:58         PAGE  2


SYMBOL TABLE
  LABEL                             VALUE 

C                                 00000000
DC                                00000001
EEADR                             00000009
EECON1                            00000088
EECON2                            00000089
EEDATA                            00000008
EEIE                              00000006
EEIF                              00000004
F                                 00000001
FIN                               0000000B
FSR                               00000004
GIE                               00000007
INDF                              00000000
INTCON                            0000000B
INTE                              00000004
INTEDG                            00000006
INTF                              00000001
IRP                               00000007
NOT_PD                            00000003
NOT_RBPU                          00000007
NOT_TO                            00000004
OPTION_REG                        00000081
PCL                               00000002
PCLATH                            0000000A
PORTA                             00000005
PORTB                             00000006
PS0                               00000000
PS1                               00000001
PS2                               00000002
PSA                               00000003
RA0                               00000000
RA1                               00000001
RA2                               00000002
RA3                               00000003
RA4                               00000004
RB0                               00000000
RB1                               00000001
RB2                               00000002
RB3                               00000003
RB4                               00000004
RB5                               00000005
RB6                               00000006
RB7                               00000007
RBIE                              00000003
RBIF                              00000000
RD                                00000000
RP0                               00000005
RP1                               00000006
STATUS                            00000003
T0CS                              00000005
T0IE                              00000005
T0IF                              00000002
T0SE                              00000004
MPASM  5.50                   OPERACIONES.ASM   12-1-2021  11:18:58         PAGE  3


SYMBOL TABLE
  LABEL                             VALUE 

TMR0                              00000001
TMR0IE                            00000005
TMR0IF                            00000002
TRISA                             00000085
TRISA0                            00000000
TRISA1                            00000001
TRISA2                            00000002
TRISA3                            00000003
TRISA4                            00000004
TRISB                             00000086
TRISB0                            00000000
TRISB1                            00000001
TRISB2                            00000002
TRISB3                            00000003
TRISB4                            00000004
TRISB5                            00000005
TRISB6                            00000006
TRISB7                            00000007
VAR_A                             0000000C
VAR_B                             0000000D
VAR_R1                            0000000E
VAR_R2                            0000000F
W                                 00000000
WR                                00000001
WREN                              00000002
WRERR                             00000003
Z                                 00000002
_CONFIG                           00002007
_CP_OFF                           00003FFF
_CP_ON                            0000000F
_DEVID1                           00002006
_FOSC_EXTRC                       00003FFF
_FOSC_HS                          00003FFE
_FOSC_LP                          00003FFC
_FOSC_XT                          00003FFD
_HS_OSC                           00003FFE
_IDLOC0                           00002000
_IDLOC1                           00002001
_IDLOC2                           00002002
_IDLOC3                           00002003
_LP_OSC                           00003FFC
_PWRTE_OFF                        00003FFF
_PWRTE_ON                         00003FF7
_RC_OSC                           00003FFF
_WDTE_OFF                         00003FFB
_WDTE_ON                          00003FFF
_WDT_OFF                          00003FFB
_WDT_ON                           00003FFF
_XT_OSC                           00003FFD
__16F84A                          00000001
MPASM  5.50                   OPERACIONES.ASM   12-1-2021  11:18:58         PAGE  4


MEMORY USAGE MAP ('X' = Used,  '-' = Unused)


0000 : XXXXXXXXXXXX---- ---------------- ---------------- ----------------

All other memory blocks unused.

Program Memory Words Used:    12
Program Memory Words Free:  1012


Errors   :     0
Warnings :    13 reported,     0 suppressed
Messages :     0 reported,     0 suppressed

