Warning[203] C:\USERS\EDGAR ALAN\DOCUMENTS\CIRCUITOS LOGICOS II\PARCIAL 3\CLASE 45\BCD.ASM 9 : Found opcode in column 1. (BSF)
Warning[203] C:\USERS\EDGAR ALAN\DOCUMENTS\CIRCUITOS LOGICOS II\PARCIAL 3\CLASE 45\BCD.ASM 10 : Found opcode in column 1. (MOVLW)
Warning[203] C:\USERS\EDGAR ALAN\DOCUMENTS\CIRCUITOS LOGICOS II\PARCIAL 3\CLASE 45\BCD.ASM 11 : Found opcode in column 1. (MOVWF)
Message[302] C:\USERS\EDGAR ALAN\DOCUMENTS\CIRCUITOS LOGICOS II\PARCIAL 3\CLASE 45\BCD.ASM 11 : Register in operand not in bank 0.  Ensure that bank bits are correct.
Warning[203] C:\USERS\EDGAR ALAN\DOCUMENTS\CIRCUITOS LOGICOS II\PARCIAL 3\CLASE 45\BCD.ASM 13 : Found opcode in column 1. (BCF)
Message[302] C:\USERS\EDGAR ALAN\DOCUMENTS\CIRCUITOS LOGICOS II\PARCIAL 3\CLASE 45\BCD.ASM 13 : Register in operand not in bank 0.  Ensure that bank bits are correct.
Warning[203] C:\USERS\EDGAR ALAN\DOCUMENTS\CIRCUITOS LOGICOS II\PARCIAL 3\CLASE 45\BCD.ASM 14 : Found opcode in column 1. (BCF)
Warning[203] C:\USERS\EDGAR ALAN\DOCUMENTS\CIRCUITOS LOGICOS II\PARCIAL 3\CLASE 45\BCD.ASM 15 : Found opcode in column 1. (BCF)
Warning[203] C:\USERS\EDGAR ALAN\DOCUMENTS\CIRCUITOS LOGICOS II\PARCIAL 3\CLASE 45\BCD.ASM 17 : Found opcode in column 1. (BTFSS)
Warning[203] C:\USERS\EDGAR ALAN\DOCUMENTS\CIRCUITOS LOGICOS II\PARCIAL 3\CLASE 45\BCD.ASM 18 : Found opcode in column 1. (GOTO)
Warning[203] C:\USERS\EDGAR ALAN\DOCUMENTS\CIRCUITOS LOGICOS II\PARCIAL 3\CLASE 45\BCD.ASM 20 : Found opcode in column 1. (BTFSC)
Warning[203] C:\USERS\EDGAR ALAN\DOCUMENTS\CIRCUITOS LOGICOS II\PARCIAL 3\CLASE 45\BCD.ASM 21 : Found opcode in column 1. (GOTO)
Warning[203] C:\USERS\EDGAR ALAN\DOCUMENTS\CIRCUITOS LOGICOS II\PARCIAL 3\CLASE 45\BCD.ASM 22 : Found opcode in column 1. (MOVF)
Warning[203] C:\USERS\EDGAR ALAN\DOCUMENTS\CIRCUITOS LOGICOS II\PARCIAL 3\CLASE 45\BCD.ASM 23 : Found opcode in column 1. (MOVWF)
Warning[203] C:\USERS\EDGAR ALAN\DOCUMENTS\CIRCUITOS LOGICOS II\PARCIAL 3\CLASE 45\BCD.ASM 26 : Found opcode in column 1. (CLRF)
Warning[203] C:\USERS\EDGAR ALAN\DOCUMENTS\CIRCUITOS LOGICOS II\PARCIAL 3\CLASE 45\BCD.ASM 27 : Found opcode in column 1. (MOVWF)
Warning[203] C:\USERS\EDGAR ALAN\DOCUMENTS\CIRCUITOS LOGICOS II\PARCIAL 3\CLASE 45\BCD.ASM 28 : Found opcode in column 1. (MOVLW)
Warning[203] C:\USERS\EDGAR ALAN\DOCUMENTS\CIRCUITOS LOGICOS II\PARCIAL 3\CLASE 45\BCD.ASM 30 : Found opcode in column 1. (INCF)
Warning[203] C:\USERS\EDGAR ALAN\DOCUMENTS\CIRCUITOS LOGICOS II\PARCIAL 3\CLASE 45\BCD.ASM 31 : Found opcode in column 1. (SUBWF)
Warning[203] C:\USERS\EDGAR ALAN\DOCUMENTS\CIRCUITOS LOGICOS II\PARCIAL 3\CLASE 45\BCD.ASM 32 : Found opcode in column 1. (BTFSC)
Warning[203] C:\USERS\EDGAR ALAN\DOCUMENTS\CIRCUITOS LOGICOS II\PARCIAL 3\CLASE 45\BCD.ASM 33 : Found opcode in column 1. (GOTO)
Warning[203] C:\USERS\EDGAR ALAN\DOCUMENTS\CIRCUITOS LOGICOS II\PARCIAL 3\CLASE 45\BCD.ASM 34 : Found opcode in column 1. (DECF)
Warning[203] C:\USERS\EDGAR ALAN\DOCUMENTS\CIRCUITOS LOGICOS II\PARCIAL 3\CLASE 45\BCD.ASM 36 : Found opcode in column 1. (MOVLW)
Warning[203] C:\USERS\EDGAR ALAN\DOCUMENTS\CIRCUITOS LOGICOS II\PARCIAL 3\CLASE 45\BCD.ASM 37 : Found opcode in column 1. (MOVWF)
Warning[203] C:\USERS\EDGAR ALAN\DOCUMENTS\CIRCUITOS LOGICOS II\PARCIAL 3\CLASE 45\BCD.ASM 38 : Found opcode in column 1. (MOVF)
Warning[203] C:\USERS\EDGAR ALAN\DOCUMENTS\CIRCUITOS LOGICOS II\PARCIAL 3\CLASE 45\BCD.ASM 39 : Found opcode in column 1. (MOVWF)
Warning[203] C:\USERS\EDGAR ALAN\DOCUMENTS\CIRCUITOS LOGICOS II\PARCIAL 3\CLASE 45\BCD.ASM 40 : Found opcode in column 1. (CLRW)
Warning[203] C:\USERS\EDGAR ALAN\DOCUMENTS\CIRCUITOS LOGICOS II\PARCIAL 3\CLASE 45\BCD.ASM 42 : Found opcode in column 1. (ADDWF)
Warning[203] C:\USERS\EDGAR ALAN\DOCUMENTS\CIRCUITOS LOGICOS II\PARCIAL 3\CLASE 45\BCD.ASM 43 : Found opcode in column 1. (DECFSZ)
Warning[203] C:\USERS\EDGAR ALAN\DOCUMENTS\CIRCUITOS LOGICOS II\PARCIAL 3\CLASE 45\BCD.ASM 44 : Found opcode in column 1. (GOTO)
Warning[203] C:\USERS\EDGAR ALAN\DOCUMENTS\CIRCUITOS LOGICOS II\PARCIAL 3\CLASE 45\BCD.ASM 45 : Found opcode in column 1. (ADDWF)
Warning[203] C:\USERS\EDGAR ALAN\DOCUMENTS\CIRCUITOS LOGICOS II\PARCIAL 3\CLASE 45\BCD.ASM 47 : Found opcode in column 1. (BSF)
Warning[203] C:\USERS\EDGAR ALAN\DOCUMENTS\CIRCUITOS LOGICOS II\PARCIAL 3\CLASE 45\BCD.ASM 48 : Found opcode in column 1. (BSF)
Warning[203] C:\USERS\EDGAR ALAN\DOCUMENTS\CIRCUITOS LOGICOS II\PARCIAL 3\CLASE 45\BCD.ASM 49 : Found opcode in column 1. (CLRF)
Message[302] C:\USERS\EDGAR ALAN\DOCUMENTS\CIRCUITOS LOGICOS II\PARCIAL 3\CLASE 45\BCD.ASM 49 : Register in operand not in bank 0.  Ensure that bank bits are correct.
Warning[203] C:\USERS\EDGAR ALAN\DOCUMENTS\CIRCUITOS LOGICOS II\PARCIAL 3\CLASE 45\BCD.ASM 50 : Found opcode in column 1. (BCF)
Warning[203] C:\USERS\EDGAR ALAN\DOCUMENTS\CIRCUITOS LOGICOS II\PARCIAL 3\CLASE 45\BCD.ASM 51 : Found opcode in column 1. (MOVWF)
Warning[203] C:\USERS\EDGAR ALAN\DOCUMENTS\CIRCUITOS LOGICOS II\PARCIAL 3\CLASE 45\BCD.ASM 53 : Found opcode in column 1. (GOTO)
Warning[205] C:\USERS\EDGAR ALAN\DOCUMENTS\CIRCUITOS LOGICOS II\PARCIAL 3\CLASE 45\BCD.ASM 55 : Found directive in column 1. (END)
