Command line:
   primos_pares_isim_beh.exe
     -simmode  gui
     -simrunnum  0
     -socket  58822

Tue Nov 16 11:28:53 2021


 Elaboration Time: 0.03125 sec

 Current Memory Usage: 5149.61 Meg

 Total Signals          : 19
 Total Nets             : 19
 Total Signal Drivers   : 7
 Total Blocks           : 3
 Total Primitive Blocks : 3
 Total Processes        : 8
 Total Traceable Variables  : 26
 Total Scalar Nets and Variables : 459
Total Line Count : 16

 Total Simulation Time: 0.046875 sec

 Current Memory Usage: 5464.18 Meg

Tue Nov 16 11:29:46 2021

