Warning[203] C:\USERS\EDGAR ALAN\DOCUMENTS\CIRCUITOS LOGICOS II\PARCIAL 3\CLASE 48\INDIRECTO.ASM 8 : Found opcode in column 1. (MOVLW)
Warning[203] C:\USERS\EDGAR ALAN\DOCUMENTS\CIRCUITOS LOGICOS II\PARCIAL 3\CLASE 48\INDIRECTO.ASM 9 : Found opcode in column 1. (MOVWF)
Warning[203] C:\USERS\EDGAR ALAN\DOCUMENTS\CIRCUITOS LOGICOS II\PARCIAL 3\CLASE 48\INDIRECTO.ASM 10 : Found opcode in column 1. (MOVLW)
Warning[203] C:\USERS\EDGAR ALAN\DOCUMENTS\CIRCUITOS LOGICOS II\PARCIAL 3\CLASE 48\INDIRECTO.ASM 11 : Found opcode in column 1. (MOVWF)
Warning[203] C:\USERS\EDGAR ALAN\DOCUMENTS\CIRCUITOS LOGICOS II\PARCIAL 3\CLASE 48\INDIRECTO.ASM 12 : Found opcode in column 1. (MOVLW)
Warning[203] C:\USERS\EDGAR ALAN\DOCUMENTS\CIRCUITOS LOGICOS II\PARCIAL 3\CLASE 48\INDIRECTO.ASM 13 : Found opcode in column 1. (ADDWF)
Warning[203] C:\USERS\EDGAR ALAN\DOCUMENTS\CIRCUITOS LOGICOS II\PARCIAL 3\CLASE 48\INDIRECTO.ASM 14 : Found opcode in column 1. (MOVF)
Warning[203] C:\USERS\EDGAR ALAN\DOCUMENTS\CIRCUITOS LOGICOS II\PARCIAL 3\CLASE 48\INDIRECTO.ASM 15 : Found opcode in column 1. (BSF)
Warning[203] C:\USERS\EDGAR ALAN\DOCUMENTS\CIRCUITOS LOGICOS II\PARCIAL 3\CLASE 48\INDIRECTO.ASM 16 : Found opcode in column 1. (BCF)
Message[302] C:\USERS\EDGAR ALAN\DOCUMENTS\CIRCUITOS LOGICOS II\PARCIAL 3\CLASE 48\INDIRECTO.ASM 16 : Register in operand not in bank 0.  Ensure that bank bits are correct.
Warning[203] C:\USERS\EDGAR ALAN\DOCUMENTS\CIRCUITOS LOGICOS II\PARCIAL 3\CLASE 48\INDIRECTO.ASM 17 : Found opcode in column 1. (BCF)
Warning[203] C:\USERS\EDGAR ALAN\DOCUMENTS\CIRCUITOS LOGICOS II\PARCIAL 3\CLASE 48\INDIRECTO.ASM 19 : Found opcode in column 1. (CALL)
Warning[203] C:\USERS\EDGAR ALAN\DOCUMENTS\CIRCUITOS LOGICOS II\PARCIAL 3\CLASE 48\INDIRECTO.ASM 20 : Found opcode in column 1. (GOTO)
Warning[203] C:\USERS\EDGAR ALAN\DOCUMENTS\CIRCUITOS LOGICOS II\PARCIAL 3\CLASE 48\INDIRECTO.ASM 22 : Found opcode in column 1. (BTFSS)
Warning[203] C:\USERS\EDGAR ALAN\DOCUMENTS\CIRCUITOS LOGICOS II\PARCIAL 3\CLASE 48\INDIRECTO.ASM 23 : Found opcode in column 1. (GOTO)
Warning[203] C:\USERS\EDGAR ALAN\DOCUMENTS\CIRCUITOS LOGICOS II\PARCIAL 3\CLASE 48\INDIRECTO.ASM 25 : Found opcode in column 1. (BTFSC)
Warning[203] C:\USERS\EDGAR ALAN\DOCUMENTS\CIRCUITOS LOGICOS II\PARCIAL 3\CLASE 48\INDIRECTO.ASM 26 : Found opcode in column 1. (GOTO)
Warning[203] C:\USERS\EDGAR ALAN\DOCUMENTS\CIRCUITOS LOGICOS II\PARCIAL 3\CLASE 48\INDIRECTO.ASM 27 : Found opcode in column 1. (INCF)
Warning[203] C:\USERS\EDGAR ALAN\DOCUMENTS\CIRCUITOS LOGICOS II\PARCIAL 3\CLASE 48\INDIRECTO.ASM 28 : Found opcode in column 1. (MOVF)
Warning[203] C:\USERS\EDGAR ALAN\DOCUMENTS\CIRCUITOS LOGICOS II\PARCIAL 3\CLASE 48\INDIRECTO.ASM 29 : Found opcode in column 1. (MOVWF)
Warning[203] C:\USERS\EDGAR ALAN\DOCUMENTS\CIRCUITOS LOGICOS II\PARCIAL 3\CLASE 48\INDIRECTO.ASM 30 : Found opcode in column 1. (RETURN)
Warning[203] C:\USERS\EDGAR ALAN\DOCUMENTS\CIRCUITOS LOGICOS II\PARCIAL 3\CLASE 48\INDIRECTO.ASM 32 : Found opcode in column 1. (GOTO)
Warning[205] C:\USERS\EDGAR ALAN\DOCUMENTS\CIRCUITOS LOGICOS II\PARCIAL 3\CLASE 48\INDIRECTO.ASM 33 : Found directive in column 1. (END)
