Release 14.7 - xst P.20131013 (nt64)
Copyright (c) 1995-2013 Xilinx, Inc.  All rights reserved.
--> Parameter TMPDIR set to xst/projnav.tmp


Total REAL time to Xst completion: 0.00 secs
Total CPU time to Xst completion: 0.44 secs
 
--> Parameter xsthdpdir set to xst


Total REAL time to Xst completion: 0.00 secs
Total CPU time to Xst completion: 0.45 secs
 
--> Reading design: contador_binario.prj

TABLE OF CONTENTS
  1) Synthesis Options Summary
  2) HDL Compilation
  3) Design Hierarchy Analysis
  4) HDL Analysis
  5) HDL Synthesis
     5.1) HDL Synthesis Report
  6) Advanced HDL Synthesis
     6.1) Advanced HDL Synthesis Report
  7) Low Level Synthesis
  8) Partition Report
  9) Final Report
	9.1) Device utilization summary
	9.2) Partition Resource Summary
	9.3) TIMING REPORT


=========================================================================
*                      Synthesis Options Summary                        *
=========================================================================
---- Source Parameters
Input File Name                    : "contador_binario.prj"
Input Format                       : mixed
Ignore Synthesis Constraint File   : NO

---- Target Parameters
Output File Name                   : "contador_binario"
Output Format                      : NGC
Target Device                      : xc3s100e-5-cp132

---- Source Options
Top Module Name                    : contador_binario
Automatic FSM Extraction           : YES
FSM Encoding Algorithm             : Auto
Safe Implementation                : No
FSM Style                          : LUT
RAM Extraction                     : Yes
RAM Style                          : Auto
ROM Extraction                     : Yes
Mux Style                          : Auto
Decoder Extraction                 : YES
Priority Encoder Extraction        : Yes
Shift Register Extraction          : YES
Logical Shifter Extraction         : YES
XOR Collapsing                     : YES
ROM Style                          : Auto
Mux Extraction                     : Yes
Resource Sharing                   : YES
Asynchronous To Synchronous        : NO
Multiplier Style                   : Auto
Automatic Register Balancing       : No

---- Target Options
Add IO Buffers                     : YES
Global Maximum Fanout              : 500
Add Generic Clock Buffer(BUFG)     : 24
Register Duplication               : YES
Slice Packing                      : YES
Optimize Instantiated Primitives   : NO
Use Clock Enable                   : Yes
Use Synchronous Set                : Yes
Use Synchronous Reset              : Yes
Pack IO Registers into IOBs        : Auto
Equivalent register Removal        : YES

---- General Options
Optimization Goal                  : Speed
Optimization Effort                : 1
Keep Hierarchy                     : No
Netlist Hierarchy                  : As_Optimized
RTL Output                         : Yes
Global Optimization                : AllClockNets
Read Cores                         : YES
Write Timing Constraints           : NO
Cross Clock Analysis               : NO
Hierarchy Separator                : /
Bus Delimiter                      : <>
Case Specifier                     : Maintain
Slice Utilization Ratio            : 100
BRAM Utilization Ratio             : 100
Verilog 2001                       : YES
Auto BRAM Packing                  : NO
Slice Utilization Ratio Delta      : 5

=========================================================================


=========================================================================
*                          HDL Compilation                              *
=========================================================================
Compiling vhdl file "C:/Users/Edgar Alan/Documents/Circuitos Logicos II/Parcial 3/Clase 41/Contador_Binario/contador_binario.vhd" in Library work.
Entity <contador_binario> compiled.
Entity <contador_binario> (Architecture <contar>) compiled.

=========================================================================
*                     Design Hierarchy Analysis                         *
=========================================================================
Analyzing hierarchy for entity <contador_binario> in library <work> (architecture <contar>).


=========================================================================
*                            HDL Analysis                               *
=========================================================================
Analyzing Entity <contador_binario> in library <work> (Architecture <contar>).
Entity <contador_binario> analyzed. Unit <contador_binario> generated.


=========================================================================
*                           HDL Synthesis                               *
=========================================================================

Performing bidirectional port resolution...

Synthesizing Unit <contador_binario>.
    Related source file is "C:/Users/Edgar Alan/Documents/Circuitos Logicos II/Parcial 3/Clase 41/Contador_Binario/contador_binario.vhd".
    Found 4-bit up counter for signal <limite>.
    Found 4-bit register for signal <Salida>.
    Found 4-bit comparator lessequal for signal <limite$cmp_le0000> created at line 50.
    Summary:
	inferred   1 Counter(s).
	inferred   4 D-type flip-flop(s).
	inferred   1 Comparator(s).
Unit <contador_binario> synthesized.


=========================================================================
HDL Synthesis Report

Macro Statistics
# Counters                                             : 1
 4-bit up counter                                      : 1
# Registers                                            : 1
 4-bit register                                        : 1
# Comparators                                          : 1
 4-bit comparator lessequal                            : 1

=========================================================================

=========================================================================
*                       Advanced HDL Synthesis                          *
=========================================================================


=========================================================================
Advanced HDL Synthesis Report

Macro Statistics
# Counters                                             : 1
 4-bit up counter                                      : 1
# Registers                                            : 4
 Flip-Flops                                            : 4
# Comparators                                          : 1
 4-bit comparator lessequal                            : 1

=========================================================================

=========================================================================
*                         Low Level Synthesis                           *
=========================================================================

Optimizing unit <contador_binario> ...

Mapping all equations...
Building and optimizing final netlist ...
Found area constraint ratio of 100 (+ 5) on block contador_binario, actual ratio is 0.

Final Macro Processing ...

=========================================================================
Final Register Report

Macro Statistics
# Registers                                            : 8
 Flip-Flops                                            : 8

=========================================================================

=========================================================================
*                           Partition Report                            *
=========================================================================

Partition Implementation Status
-------------------------------

  No Partitions were found in this design.

-------------------------------

=========================================================================
*                            Final Report                               *
=========================================================================
Final Results
RTL Top Level Output File Name     : contador_binario.ngr
Top Level Output File Name         : contador_binario
Output Format                      : NGC
Optimization Goal                  : Speed
Keep Hierarchy                     : No

Design Statistics
# IOs                              : 9

Cell Usage :
# BELS                             : 5
#      INV                         : 1
#      LUT2                        : 1
#      LUT3                        : 1
#      LUT4                        : 2
# FlipFlops/Latches                : 8
#      FD                          : 4
#      FDR                         : 4
# Clock Buffers                    : 1
#      BUFGP                       : 1
# IO Buffers                       : 8
#      OBUF                        : 8
=========================================================================

Device utilization summary:
---------------------------

Selected Device : 3s100ecp132-5 

 Number of Slices:                        4  out of    960     0%  
 Number of Slice Flip Flops:              8  out of   1920     0%  
 Number of 4 input LUTs:                  5  out of   1920     0%  
 Number of IOs:                           9
 Number of bonded IOBs:                   9  out of     83    10%  
 Number of GCLKs:                         1  out of     24     4%  

---------------------------
Partition Resource Summary:
---------------------------

  No Partitions were found in this design.

---------------------------


=========================================================================
TIMING REPORT

NOTE: THESE TIMING NUMBERS ARE ONLY A SYNTHESIS ESTIMATE.
      FOR ACCURATE TIMING INFORMATION PLEASE REFER TO THE TRACE REPORT
      GENERATED AFTER PLACE-and-ROUTE.

Clock Information:
------------------
-----------------------------------+------------------------+-------+
Clock Signal                       | Clock buffer(FF name)  | Load  |
-----------------------------------+------------------------+-------+
reloj                              | BUFGP                  | 8     |
-----------------------------------+------------------------+-------+

Asynchronous Control Signals Information:
----------------------------------------
No asynchronous control signals found in this design

Timing Summary:
---------------
Speed Grade: -5

   Minimum period: 2.952ns (Maximum Frequency: 338.765MHz)
   Minimum input arrival time before clock: No path found
   Maximum output required time after clock: 4.252ns
   Maximum combinational path delay: No path found

Timing Detail:
--------------
All values displayed in nanoseconds (ns)

=========================================================================
Timing constraint: Default period analysis for Clock 'reloj'
  Clock period: 2.952ns (frequency: 338.765MHz)
  Total number of paths / destination ports: 30 / 12
-------------------------------------------------------------------------
Delay:               2.952ns (Levels of Logic = 1)
  Source:            Salida_3 (FF)
  Destination:       limite_0 (FF)
  Source Clock:      reloj rising
  Destination Clock: reloj rising

  Data Path: Salida_3 to limite_0
                                Gate     Net
    Cell:in->out      fanout   Delay   Delay  Logical Name (Net Name)
    ----------------------------------------  ------------
     FD:C->Q               2   0.514   0.532  Salida_3 (Salida_3)
     LUT4:I0->O            4   0.612   0.499  limite_cmp_le00001 (limite_cmp_le0000)
     FDR:R                     0.795          limite_0
    ----------------------------------------
    Total                      2.952ns (1.921ns logic, 1.031ns route)
                                       (65.1% logic, 34.9% route)

=========================================================================
Timing constraint: Default OFFSET OUT AFTER for Clock 'reloj'
  Total number of paths / destination ports: 8 / 8
-------------------------------------------------------------------------
Offset:              4.252ns (Levels of Logic = 1)
  Source:            limite_0 (FF)
  Destination:       limite<0> (PAD)
  Source Clock:      reloj rising

  Data Path: limite_0 to limite<0>
                                Gate     Net
    Cell:in->out      fanout   Delay   Delay  Logical Name (Net Name)
    ----------------------------------------  ------------
     FDR:C->Q              6   0.514   0.569  limite_0 (limite_0)
     OBUF:I->O                 3.169          limite_0_OBUF (limite<0>)
    ----------------------------------------
    Total                      4.252ns (3.683ns logic, 0.569ns route)
                                       (86.6% logic, 13.4% route)

=========================================================================


Total REAL time to Xst completion: 8.00 secs
Total CPU time to Xst completion: 8.83 secs
 
--> 

Total memory usage is 4497076 kilobytes

Number of errors   :    0 (   0 filtered)
Number of warnings :    0 (   0 filtered)
Number of infos    :    0 (   0 filtered)

