Command line:
   proba_isim_beh.exe
     -simmode  gui
     -simrunnum  0
     -socket  55391

Wed Nov 17 11:42:27 2021


 Elaboration Time: 0.03125 sec

 Current Memory Usage: 5150.17 Meg

 Total Signals          : 24
 Total Nets             : 41
 Total Signal Drivers   : 16
 Total Blocks           : 4
 Total Primitive Blocks : 3
 Total Processes        : 18
 Total Traceable Variables  : 27
 Total Scalar Nets and Variables : 485
Total Line Count : 27

 Total Simulation Time: 0.234375 sec

 Current Memory Usage: 4992.88 Meg

Wed Nov 17 11:44:14 2021

