Warning[203] C:\USERS\EDGAR ALAN\DOCUMENTS\CIRCUITOS LOGICOS II\PARCIAL 3\CLASE 47\LCD PIC84.ASM 9 : Found opcode in column 1. (BSF)
Warning[203] C:\USERS\EDGAR ALAN\DOCUMENTS\CIRCUITOS LOGICOS II\PARCIAL 3\CLASE 47\LCD PIC84.ASM 10 : Found opcode in column 1. (CLRF)
Message[302] C:\USERS\EDGAR ALAN\DOCUMENTS\CIRCUITOS LOGICOS II\PARCIAL 3\CLASE 47\LCD PIC84.ASM 10 : Register in operand not in bank 0.  Ensure that bank bits are correct.
Warning[203] C:\USERS\EDGAR ALAN\DOCUMENTS\CIRCUITOS LOGICOS II\PARCIAL 3\CLASE 47\LCD PIC84.ASM 11 : Found opcode in column 1. (CLRF)
Message[302] C:\USERS\EDGAR ALAN\DOCUMENTS\CIRCUITOS LOGICOS II\PARCIAL 3\CLASE 47\LCD PIC84.ASM 11 : Register in operand not in bank 0.  Ensure that bank bits are correct.
Warning[203] C:\USERS\EDGAR ALAN\DOCUMENTS\CIRCUITOS LOGICOS II\PARCIAL 3\CLASE 47\LCD PIC84.ASM 12 : Found opcode in column 1. (BSF)
Message[302] C:\USERS\EDGAR ALAN\DOCUMENTS\CIRCUITOS LOGICOS II\PARCIAL 3\CLASE 47\LCD PIC84.ASM 12 : Register in operand not in bank 0.  Ensure that bank bits are correct.
Warning[203] C:\USERS\EDGAR ALAN\DOCUMENTS\CIRCUITOS LOGICOS II\PARCIAL 3\CLASE 47\LCD PIC84.ASM 13 : Found opcode in column 1. (BCF)
Warning[203] C:\USERS\EDGAR ALAN\DOCUMENTS\CIRCUITOS LOGICOS II\PARCIAL 3\CLASE 47\LCD PIC84.ASM 16 : Found opcode in column 1. (CALL)
Warning[203] C:\USERS\EDGAR ALAN\DOCUMENTS\CIRCUITOS LOGICOS II\PARCIAL 3\CLASE 47\LCD PIC84.ASM 17 : Found opcode in column 1. (MOVLW)
Warning[203] C:\USERS\EDGAR ALAN\DOCUMENTS\CIRCUITOS LOGICOS II\PARCIAL 3\CLASE 47\LCD PIC84.ASM 18 : Found opcode in column 1. (MOVWF)
Warning[203] C:\USERS\EDGAR ALAN\DOCUMENTS\CIRCUITOS LOGICOS II\PARCIAL 3\CLASE 47\LCD PIC84.ASM 19 : Found opcode in column 1. (CALL)
Warning[203] C:\USERS\EDGAR ALAN\DOCUMENTS\CIRCUITOS LOGICOS II\PARCIAL 3\CLASE 47\LCD PIC84.ASM 20 : Found opcode in column 1. (MOVLW)
Warning[203] C:\USERS\EDGAR ALAN\DOCUMENTS\CIRCUITOS LOGICOS II\PARCIAL 3\CLASE 47\LCD PIC84.ASM 23 : Found opcode in column 1. (MOVWF)
Warning[203] C:\USERS\EDGAR ALAN\DOCUMENTS\CIRCUITOS LOGICOS II\PARCIAL 3\CLASE 47\LCD PIC84.ASM 24 : Found opcode in column 1. (CALL)
Warning[203] C:\USERS\EDGAR ALAN\DOCUMENTS\CIRCUITOS LOGICOS II\PARCIAL 3\CLASE 47\LCD PIC84.ASM 26 : Found opcode in column 1. (MOVLW)
Warning[203] C:\USERS\EDGAR ALAN\DOCUMENTS\CIRCUITOS LOGICOS II\PARCIAL 3\CLASE 47\LCD PIC84.ASM 27 : Found opcode in column 1. (MOVWF)
Warning[203] C:\USERS\EDGAR ALAN\DOCUMENTS\CIRCUITOS LOGICOS II\PARCIAL 3\CLASE 47\LCD PIC84.ASM 28 : Found opcode in column 1. (CALL)
Warning[203] C:\USERS\EDGAR ALAN\DOCUMENTS\CIRCUITOS LOGICOS II\PARCIAL 3\CLASE 47\LCD PIC84.ASM 29 : Found opcode in column 1. (MOVLW)
Warning[203] C:\USERS\EDGAR ALAN\DOCUMENTS\CIRCUITOS LOGICOS II\PARCIAL 3\CLASE 47\LCD PIC84.ASM 30 : Found opcode in column 1. (MOVWF)
Warning[203] C:\USERS\EDGAR ALAN\DOCUMENTS\CIRCUITOS LOGICOS II\PARCIAL 3\CLASE 47\LCD PIC84.ASM 31 : Found opcode in column 1. (CALL)
Warning[203] C:\USERS\EDGAR ALAN\DOCUMENTS\CIRCUITOS LOGICOS II\PARCIAL 3\CLASE 47\LCD PIC84.ASM 32 : Found opcode in column 1. (CALL)
Warning[203] C:\USERS\EDGAR ALAN\DOCUMENTS\CIRCUITOS LOGICOS II\PARCIAL 3\CLASE 47\LCD PIC84.ASM 35 : Found opcode in column 1. (NOP)
Warning[203] C:\USERS\EDGAR ALAN\DOCUMENTS\CIRCUITOS LOGICOS II\PARCIAL 3\CLASE 47\LCD PIC84.ASM 36 : Found opcode in column 1. (MOVLW)
Warning[203] C:\USERS\EDGAR ALAN\DOCUMENTS\CIRCUITOS LOGICOS II\PARCIAL 3\CLASE 47\LCD PIC84.ASM 37 : Found opcode in column 1. (CALL)
Warning[203] C:\USERS\EDGAR ALAN\DOCUMENTS\CIRCUITOS LOGICOS II\PARCIAL 3\CLASE 47\LCD PIC84.ASM 38 : Found opcode in column 1. (MOVLW)
Warning[203] C:\USERS\EDGAR ALAN\DOCUMENTS\CIRCUITOS LOGICOS II\PARCIAL 3\CLASE 47\LCD PIC84.ASM 39 : Found opcode in column 1. (CALL)
Warning[203] C:\USERS\EDGAR ALAN\DOCUMENTS\CIRCUITOS LOGICOS II\PARCIAL 3\CLASE 47\LCD PIC84.ASM 40 : Found opcode in column 1. (MOVLW)
Warning[203] C:\USERS\EDGAR ALAN\DOCUMENTS\CIRCUITOS LOGICOS II\PARCIAL 3\CLASE 47\LCD PIC84.ASM 41 : Found opcode in column 1. (CALL)
Warning[203] C:\USERS\EDGAR ALAN\DOCUMENTS\CIRCUITOS LOGICOS II\PARCIAL 3\CLASE 47\LCD PIC84.ASM 42 : Found opcode in column 1. (MOVLW)
Warning[203] C:\USERS\EDGAR ALAN\DOCUMENTS\CIRCUITOS LOGICOS II\PARCIAL 3\CLASE 47\LCD PIC84.ASM 43 : Found opcode in column 1. (CALL)
Warning[203] C:\USERS\EDGAR ALAN\DOCUMENTS\CIRCUITOS LOGICOS II\PARCIAL 3\CLASE 47\LCD PIC84.ASM 44 : Found opcode in column 1. (MOVLW)
Warning[203] C:\USERS\EDGAR ALAN\DOCUMENTS\CIRCUITOS LOGICOS II\PARCIAL 3\CLASE 47\LCD PIC84.ASM 45 : Found opcode in column 1. (CALL)
Warning[203] C:\USERS\EDGAR ALAN\DOCUMENTS\CIRCUITOS LOGICOS II\PARCIAL 3\CLASE 47\LCD PIC84.ASM 46 : Found opcode in column 1. (MOVLW)
Warning[203] C:\USERS\EDGAR ALAN\DOCUMENTS\CIRCUITOS LOGICOS II\PARCIAL 3\CLASE 47\LCD PIC84.ASM 47 : Found opcode in column 1. (CALL)
Warning[203] C:\USERS\EDGAR ALAN\DOCUMENTS\CIRCUITOS LOGICOS II\PARCIAL 3\CLASE 47\LCD PIC84.ASM 48 : Found opcode in column 1. (MOVLW)
Warning[203] C:\USERS\EDGAR ALAN\DOCUMENTS\CIRCUITOS LOGICOS II\PARCIAL 3\CLASE 47\LCD PIC84.ASM 49 : Found opcode in column 1. (CALL)
Warning[203] C:\USERS\EDGAR ALAN\DOCUMENTS\CIRCUITOS LOGICOS II\PARCIAL 3\CLASE 47\LCD PIC84.ASM 50 : Found opcode in column 1. (MOVLW)
Warning[203] C:\USERS\EDGAR ALAN\DOCUMENTS\CIRCUITOS LOGICOS II\PARCIAL 3\CLASE 47\LCD PIC84.ASM 51 : Found opcode in column 1. (CALL)
Warning[203] C:\USERS\EDGAR ALAN\DOCUMENTS\CIRCUITOS LOGICOS II\PARCIAL 3\CLASE 47\LCD PIC84.ASM 52 : Found opcode in column 1. (CALL)
Warning[203] C:\USERS\EDGAR ALAN\DOCUMENTS\CIRCUITOS LOGICOS II\PARCIAL 3\CLASE 47\LCD PIC84.ASM 53 : Found opcode in column 1. (CALL)
Warning[203] C:\USERS\EDGAR ALAN\DOCUMENTS\CIRCUITOS LOGICOS II\PARCIAL 3\CLASE 47\LCD PIC84.ASM 54 : Found opcode in column 1. (CALL)
Warning[203] C:\USERS\EDGAR ALAN\DOCUMENTS\CIRCUITOS LOGICOS II\PARCIAL 3\CLASE 47\LCD PIC84.ASM 55 : Found opcode in column 1. (MOVLW)
Warning[203] C:\USERS\EDGAR ALAN\DOCUMENTS\CIRCUITOS LOGICOS II\PARCIAL 3\CLASE 47\LCD PIC84.ASM 56 : Found opcode in column 1. (CALL)
Warning[203] C:\USERS\EDGAR ALAN\DOCUMENTS\CIRCUITOS LOGICOS II\PARCIAL 3\CLASE 47\LCD PIC84.ASM 57 : Found opcode in column 1. (MOVLW)
Warning[203] C:\USERS\EDGAR ALAN\DOCUMENTS\CIRCUITOS LOGICOS II\PARCIAL 3\CLASE 47\LCD PIC84.ASM 58 : Found opcode in column 1. (CALL)
Warning[203] C:\USERS\EDGAR ALAN\DOCUMENTS\CIRCUITOS LOGICOS II\PARCIAL 3\CLASE 47\LCD PIC84.ASM 59 : Found opcode in column 1. (MOVLW)
Warning[203] C:\USERS\EDGAR ALAN\DOCUMENTS\CIRCUITOS LOGICOS II\PARCIAL 3\CLASE 47\LCD PIC84.ASM 60 : Found opcode in column 1. (CALL)
Warning[203] C:\USERS\EDGAR ALAN\DOCUMENTS\CIRCUITOS LOGICOS II\PARCIAL 3\CLASE 47\LCD PIC84.ASM 61 : Found opcode in column 1. (CALL)
Warning[203] C:\USERS\EDGAR ALAN\DOCUMENTS\CIRCUITOS LOGICOS II\PARCIAL 3\CLASE 47\LCD PIC84.ASM 64 : Found opcode in column 1. (BCF)
Warning[203] C:\USERS\EDGAR ALAN\DOCUMENTS\CIRCUITOS LOGICOS II\PARCIAL 3\CLASE 47\LCD PIC84.ASM 65 : Found opcode in column 1. (CALL)
Warning[203] C:\USERS\EDGAR ALAN\DOCUMENTS\CIRCUITOS LOGICOS II\PARCIAL 3\CLASE 47\LCD PIC84.ASM 66 : Found opcode in column 1. (RETURN)
Warning[203] C:\USERS\EDGAR ALAN\DOCUMENTS\CIRCUITOS LOGICOS II\PARCIAL 3\CLASE 47\LCD PIC84.ASM 69 : Found opcode in column 1. (BSF)
Warning[203] C:\USERS\EDGAR ALAN\DOCUMENTS\CIRCUITOS LOGICOS II\PARCIAL 3\CLASE 47\LCD PIC84.ASM 70 : Found opcode in column 1. (CALL)
Warning[203] C:\USERS\EDGAR ALAN\DOCUMENTS\CIRCUITOS LOGICOS II\PARCIAL 3\CLASE 47\LCD PIC84.ASM 71 : Found opcode in column 1. (RETURN)
Warning[203] C:\USERS\EDGAR ALAN\DOCUMENTS\CIRCUITOS LOGICOS II\PARCIAL 3\CLASE 47\LCD PIC84.ASM 74 : Found opcode in column 1. (MOVWF)
Warning[203] C:\USERS\EDGAR ALAN\DOCUMENTS\CIRCUITOS LOGICOS II\PARCIAL 3\CLASE 47\LCD PIC84.ASM 75 : Found opcode in column 1. (CALL)
Warning[203] C:\USERS\EDGAR ALAN\DOCUMENTS\CIRCUITOS LOGICOS II\PARCIAL 3\CLASE 47\LCD PIC84.ASM 76 : Found opcode in column 1. (RETURN)
Warning[203] C:\USERS\EDGAR ALAN\DOCUMENTS\CIRCUITOS LOGICOS II\PARCIAL 3\CLASE 47\LCD PIC84.ASM 79 : Found opcode in column 1. (MOVLW)
Warning[203] C:\USERS\EDGAR ALAN\DOCUMENTS\CIRCUITOS LOGICOS II\PARCIAL 3\CLASE 47\LCD PIC84.ASM 80 : Found opcode in column 1. (MOVWF)
Warning[203] C:\USERS\EDGAR ALAN\DOCUMENTS\CIRCUITOS LOGICOS II\PARCIAL 3\CLASE 47\LCD PIC84.ASM 81 : Found opcode in column 1. (CALL)
Warning[203] C:\USERS\EDGAR ALAN\DOCUMENTS\CIRCUITOS LOGICOS II\PARCIAL 3\CLASE 47\LCD PIC84.ASM 82 : Found opcode in column 1. (MOVLW)
Warning[203] C:\USERS\EDGAR ALAN\DOCUMENTS\CIRCUITOS LOGICOS II\PARCIAL 3\CLASE 47\LCD PIC84.ASM 83 : Found opcode in column 1. (MOVWF)
Warning[203] C:\USERS\EDGAR ALAN\DOCUMENTS\CIRCUITOS LOGICOS II\PARCIAL 3\CLASE 47\LCD PIC84.ASM 84 : Found opcode in column 1. (CALL)
Warning[203] C:\USERS\EDGAR ALAN\DOCUMENTS\CIRCUITOS LOGICOS II\PARCIAL 3\CLASE 47\LCD PIC84.ASM 85 : Found opcode in column 1. (CALL)
Warning[203] C:\USERS\EDGAR ALAN\DOCUMENTS\CIRCUITOS LOGICOS II\PARCIAL 3\CLASE 47\LCD PIC84.ASM 86 : Found opcode in column 1. (RETURN)
Warning[203] C:\USERS\EDGAR ALAN\DOCUMENTS\CIRCUITOS LOGICOS II\PARCIAL 3\CLASE 47\LCD PIC84.ASM 89 : Found opcode in column 1. (BSF)
Warning[203] C:\USERS\EDGAR ALAN\DOCUMENTS\CIRCUITOS LOGICOS II\PARCIAL 3\CLASE 47\LCD PIC84.ASM 90 : Found opcode in column 1. (MOVLW)
Warning[203] C:\USERS\EDGAR ALAN\DOCUMENTS\CIRCUITOS LOGICOS II\PARCIAL 3\CLASE 47\LCD PIC84.ASM 91 : Found opcode in column 1. (MOVWF)
Warning[203] C:\USERS\EDGAR ALAN\DOCUMENTS\CIRCUITOS LOGICOS II\PARCIAL 3\CLASE 47\LCD PIC84.ASM 93 : Found opcode in column 1. (DECFSZ)
Warning[203] C:\USERS\EDGAR ALAN\DOCUMENTS\CIRCUITOS LOGICOS II\PARCIAL 3\CLASE 47\LCD PIC84.ASM 94 : Found opcode in column 1. (GOTO)
Warning[203] C:\USERS\EDGAR ALAN\DOCUMENTS\CIRCUITOS LOGICOS II\PARCIAL 3\CLASE 47\LCD PIC84.ASM 95 : Found opcode in column 1. (BCF)
Warning[203] C:\USERS\EDGAR ALAN\DOCUMENTS\CIRCUITOS LOGICOS II\PARCIAL 3\CLASE 47\LCD PIC84.ASM 96 : Found opcode in column 1. (RETURN)
Warning[203] C:\USERS\EDGAR ALAN\DOCUMENTS\CIRCUITOS LOGICOS II\PARCIAL 3\CLASE 47\LCD PIC84.ASM 99 : Found opcode in column 1. (BTFSC)
Warning[203] C:\USERS\EDGAR ALAN\DOCUMENTS\CIRCUITOS LOGICOS II\PARCIAL 3\CLASE 47\LCD PIC84.ASM 100 : Found opcode in column 1. (GOTO)
Warning[203] C:\USERS\EDGAR ALAN\DOCUMENTS\CIRCUITOS LOGICOS II\PARCIAL 3\CLASE 47\LCD PIC84.ASM 102 : Found opcode in column 1. (BTFSC)
Warning[203] C:\USERS\EDGAR ALAN\DOCUMENTS\CIRCUITOS LOGICOS II\PARCIAL 3\CLASE 47\LCD PIC84.ASM 103 : Found opcode in column 1. (GOTO)
Warning[203] C:\USERS\EDGAR ALAN\DOCUMENTS\CIRCUITOS LOGICOS II\PARCIAL 3\CLASE 47\LCD PIC84.ASM 104 : Found opcode in column 1. (RETURN)
Warning[203] C:\USERS\EDGAR ALAN\DOCUMENTS\CIRCUITOS LOGICOS II\PARCIAL 3\CLASE 47\LCD PIC84.ASM 107 : Found opcode in column 1. (NOP)
Warning[203] C:\USERS\EDGAR ALAN\DOCUMENTS\CIRCUITOS LOGICOS II\PARCIAL 3\CLASE 47\LCD PIC84.ASM 108 : Found opcode in column 1. (GOTO)
Warning[205] C:\USERS\EDGAR ALAN\DOCUMENTS\CIRCUITOS LOGICOS II\PARCIAL 3\CLASE 47\LCD PIC84.ASM 110 : Found directive in column 1. (END)
