Command line:
   t2_isim_beh.exe
     -simmode  gui
     -simrunnum  0
     -socket  51216

Tue Nov 16 13:04:18 2021


 Elaboration Time: 0.078125 sec

 Current Memory Usage: 5149.38 Meg

 Total Signals          : 21
 Total Nets             : 21
 Total Signal Drivers   : 13
 Total Blocks           : 4
 Total Primitive Blocks : 3
 Total Processes        : 15
 Total Traceable Variables  : 30
 Total Scalar Nets and Variables : 465
Total Line Count : 29

 Total Simulation Time: 0.09375 sec

 Current Memory Usage: 5149.38 Meg

Tue Nov 16 13:04:34 2021

