MPASM  5.50                       11200HZ.ASM   12-11-2021  2:45:35         PAGE  1


LOC  OBJECT CODE     LINE SOURCE TEXT
  VALUE

                      00001 #include "P16F84.inc"
                      00001         LIST
                      00002 
                      00003 ;==========================================================================
                      00004 ;  MPASM PIC16F84 processor include
                      00005 ; 
                      00006 ;  (c) Copyright 1999-2013 Microchip Technology, All rights reserved
                      00007 ;==========================================================================
                      00008 
Message[301]: MESSAGE: (Processor-header file mismatch.  Verify selected processor.)
                      00206         LIST
  0000000C            00002 TEMP EQU 0XC
Warning[203]: Found opcode in column 1. (BSF)
0000   1683           00003 BSF STATUS,5 ; IR A LA PÁGINA1
Warning[203]: Found opcode in column 1. (CLRF)
Message[302]: Register in operand not in bank 0.  Ensure that bank bits are correct.
0001   0185           00004 CLRF TRISA
Warning[203]: Found opcode in column 1. (BSF)
Message[302]: Register in operand not in bank 0.  Ensure that bank bits are correct.
0002   1605           00005 BSF TRISA,4
Warning[203]: Found opcode in column 1. (CLRF)
Message[302]: Register in operand not in bank 0.  Ensure that bank bits are correct.
0003   0186           00006 CLRF TRISB ;TODOS LOS BITS DEL PUERTO B SON SALIDA
Warning[203]: Found opcode in column 1. (BCF)
0004   1283           00007 BCF STATUS,5 ;IR A PÁGINA 0
Warning[203]: Found opcode in column 1. (CLRF)
0005   0186           00008 CLRF PORTB ;INICIO DEL PORTB A CERO
Warning[203]: Found opcode in column 1. (MOVLW)
0006   3055           00009 MOVLW H'55'
Warning[203]: Found opcode in column 1. (MOVWF)
0007   0086           00010 MOVWF PORTB
Warning[203]: Found opcode in column 1. (INCF)
0008   0A85           00011 INCF PORTA,1
Warning[203]: Found opcode in column 1. (CALL)
0009   200D           00012 CALL RETRASO
000A                  00013 CICLO
Warning[203]: Found opcode in column 1. (INCF)
000A   0A85           00014 INCF PORTA,1
Warning[203]: Found opcode in column 1. (CALL)
000B   200D           00015 CALL RETRASO
Warning[203]: Found opcode in column 1. (GOTO)
000C   280A           00016 GOTO CICLO
000D                  00017 RETRASO
Warning[203]: Found opcode in column 1. (MOVLW)
000D   300C           00018 MOVLW 0XC ; H'A5'1khz     
Warning[203]: Found opcode in column 1. (MOVWF)
000E   008C           00019 MOVWF TEMP    ;1 CICLO
000F                  00020 LOOP
Warning[203]: Found opcode in column 1. (DECFSZ)
000F   0B8C           00021 DECFSZ TEMP,1 
Warning[203]: Found opcode in column 1. (GOTO)
0010   280F           00022 GOTO LOOP       
Warning[203]: Found opcode in column 1. (RETURN)
MPASM  5.50                       11200HZ.ASM   12-11-2021  2:45:35         PAGE  2


LOC  OBJECT CODE     LINE SOURCE TEXT
  VALUE

0011   0008           00023 RETURN            
                      00024 
Warning[205]: Found directive in column 1. (END)
                      00025 END
MPASM  5.50                       11200HZ.ASM   12-11-2021  2:45:35         PAGE  3


SYMBOL TABLE
  LABEL                             VALUE 

C                                 00000000
CICLO                             0000000A
DC                                00000001
EEADR                             00000009
EECON1                            00000088
EECON2                            00000089
EEDATA                            00000008
EEIE                              00000006
EEIF                              00000004
F                                 00000001
FSR                               00000004
GIE                               00000007
INDF                              00000000
INTCON                            0000000B
INTE                              00000004
INTEDG                            00000006
INTF                              00000001
IRP                               00000007
LOOP                              0000000F
NOT_PD                            00000003
NOT_RBPU                          00000007
NOT_TO                            00000004
OPTION_REG                        00000081
PCL                               00000002
PCLATH                            0000000A
PORTA                             00000005
PORTB                             00000006
PS0                               00000000
PS1                               00000001
PS2                               00000002
PSA                               00000003
RA0                               00000000
RA1                               00000001
RA2                               00000002
RA3                               00000003
RA4                               00000004
RB0                               00000000
RB1                               00000001
RB2                               00000002
RB3                               00000003
RB4                               00000004
RB5                               00000005
RB6                               00000006
RB7                               00000007
RBIE                              00000003
RBIF                              00000000
RD                                00000000
RETRASO                           0000000D
RP0                               00000005
RP1                               00000006
STATUS                            00000003
T0CS                              00000005
T0IE                              00000005
MPASM  5.50                       11200HZ.ASM   12-11-2021  2:45:35         PAGE  4


SYMBOL TABLE
  LABEL                             VALUE 

T0IF                              00000002
T0SE                              00000004
TEMP                              0000000C
TMR0                              00000001
TMR0IE                            00000005
TMR0IF                            00000002
TRISA                             00000085
TRISA0                            00000000
TRISA1                            00000001
TRISA2                            00000002
TRISA3                            00000003
TRISA4                            00000004
TRISB                             00000086
TRISB0                            00000000
TRISB1                            00000001
TRISB2                            00000002
TRISB3                            00000003
TRISB4                            00000004
TRISB5                            00000005
TRISB6                            00000006
TRISB7                            00000007
W                                 00000000
WR                                00000001
WREN                              00000002
WRERR                             00000003
Z                                 00000002
_CONFIG                           00002007
_CP_OFF                           00003FFF
_CP_ON                            0000000F
_FOSC_EXTRC                       00003FFF
_FOSC_HS                          00003FFE
_FOSC_LP                          00003FFC
_FOSC_XT                          00003FFD
_HS_OSC                           00003FFE
_IDLOC0                           00002000
_IDLOC1                           00002001
_IDLOC2                           00002002
_IDLOC3                           00002003
_LP_OSC                           00003FFC
_PWRTE_OFF                        00003FFF
_PWRTE_ON                         00003FF7
_RC_OSC                           00003FFF
_WDTE_OFF                         00003FFB
_WDTE_ON                          00003FFF
_WDT_OFF                          00003FFB
_WDT_ON                           00003FFF
_XT_OSC                           00003FFD
__16F84A                          00000001
MPASM  5.50                       11200HZ.ASM   12-11-2021  2:45:35         PAGE  5


MEMORY USAGE MAP ('X' = Used,  '-' = Unused)


0000 : XXXXXXXXXXXXXXXX XX-------------- ---------------- ----------------

All other memory blocks unused.

Program Memory Words Used:    18
Program Memory Words Free:  1006


Errors   :     0
Warnings :    19 reported,     0 suppressed
Messages :     4 reported,     0 suppressed

